<?xml version="1.0" encoding="UTF-8"?>
<!-- Generated by org.testng.reporters.JUnitReportReporter -->
<testsuite hostname="DESKTOP-P39CJOI" failures="0" tests="6" name="ActualtestCases.Data_From_Locators" time="35.569" errors="0" timestamp="2023-03-17T14:22:11 IST" skipped="0">
  <testcase classname="ActualtestCases.Data_From_Locators" name="test_FilterBy_Money" time="30.023"/>
  <system-out/>
  <testcase classname="ActualtestCases.Data_From_Locators" name="Test_FilterBy_Searching_invalid_Brands" time="0.410"/>
  <system-out/>
  <testcase classname="ActualtestCases.Data_From_Locators" name="Test_FilterBy_Searching_valid_Brands" time="1.337"/>
  <system-out/>
  <testcase classname="ActualtestCases.Data_From_Locators" name="testCUSTOMER_RATINGS" time="0.792"/>
  <system-out/>
  <testcase classname="ActualtestCases.Data_From_Locators" name="RemoveRating" time="0.622"/>
  <system-out/>
  <testcase classname="ActualtestCases.Data_From_Locators" name="ProductTest" time="2.385"/>
  <system-out/>
</testsuite> <!-- ActualtestCases.Data_From_Locators -->
